This file contains any messages produced by compilers while
running configure, to aid debugging if configure makes a mistake.

It was created by cups-bjnp configure 0.5.5, which was
generated by GNU Autoconf 2.66.  Invocation command line was

  $ ./configure 

## --------- ##
## Platform. ##
## --------- ##

hostname = Joamain
uname -m = x86_64
uname -r = 3.8.0-26-generic
uname -s = Linux
uname -v = #38-Ubuntu SMP Mon Jun 17 21:43:33 UTC 2013

/usr/bin/uname -p = unknown
/bin/uname -X     = unknown

/bin/arch              = unknown
/usr/bin/arch -k       = unknown
/usr/convex/getsysinfo = unknown
/usr/bin/hostinfo      = unknown
/bin/machine           = unknown
/usr/bin/oslevel       = unknown
/bin/universe          = unknown

PATH: /usr/local/sbin
PATH: /usr/local/bin
PATH: /usr/sbin
PATH: /usr/bin
PATH: /sbin
PATH: /bin
PATH: /usr/games
PATH: /usr/local/games


## ----------- ##
## Core tests. ##
## ----------- ##

configure:2277: checking for a BSD-compatible install
configure:2345: result: /usr/bin/install -c
configure:2356: checking whether build environment is sane
configure:2406: result: yes
configure:2547: checking for a thread-safe mkdir -p
configure:2586: result: /bin/mkdir -p
configure:2599: checking for gawk
configure:2629: result: no
configure:2599: checking for mawk
configure:2615: found /usr/bin/mawk
configure:2626: result: mawk
configure:2637: checking whether make sets $(MAKE)
configure:2659: result: yes
configure:2790: checking for gcc
configure:2806: found /usr/bin/gcc
configure:2817: result: gcc
configure:3046: checking for C compiler version
configure:3055: gcc --version >&5
gcc (Ubuntu/Linaro 4.7.3-1ubuntu1) 4.7.3
Copyright (C) 2012 Free Software Foundation, Inc.
This is free software; see the source for copying conditions.  There is NO
warranty; not even for MERCHANTABILITY or FITNESS FOR A PARTICULAR PURPOSE.

configure:3066: $? = 0
configure:3055: gcc -v >&5
Using built-in specs.
COLLECT_GCC=gcc
COLLECT_LTO_WRAPPER=/usr/lib/gcc/x86_64-linux-gnu/4.7/lto-wrapper
Target: x86_64-linux-gnu
Configured with: ../src/configure -v --with-pkgversion='Ubuntu/Linaro 4.7.3-1ubuntu1' --with-bugurl=file:///usr/share/doc/gcc-4.7/README.Bugs --enable-languages=c,c++,go,fortran,objc,obj-c++ --prefix=/usr --program-suffix=-4.7 --enable-shared --enable-linker-build-id --libexecdir=/usr/lib --without-included-gettext --enable-threads=posix --with-gxx-include-dir=/usr/include/c++/4.7 --libdir=/usr/lib --enable-nls --with-sysroot=/ --enable-clocale=gnu --enable-libstdcxx-debug --enable-libstdcxx-time=yes --enable-gnu-unique-object --enable-plugin --with-system-zlib --enable-objc-gc --with-cloog --enable-cloog-backend=ppl --disable-cloog-version-check --disable-ppl-version-check --enable-multiarch --disable-werror --with-arch-32=i686 --with-abi=m64 --with-multilib-list=m32,m64,mx32 --with-tune=generic --enable-checking=release --build=x86_64-linux-gnu --host=x86_64-linux-gnu --target=x86_64-linux-gnu
Thread model: posix
gcc version 4.7.3 (Ubuntu/Linaro 4.7.3-1ubuntu1) 
configure:3066: $? = 0
configure:3055: gcc -V >&5
gcc: error: unrecognized command line option '-V'
gcc: fatal error: no input files
compilation terminated.
configure:3066: $? = 4
configure:3055: gcc -qversion >&5
gcc: error: unrecognized command line option '-qversion'
gcc: fatal error: no input files
compilation terminated.
configure:3066: $? = 4
configure:3086: checking whether the C compiler works
configure:3108: gcc    conftest.c  >&5
configure:3112: $? = 0
configure:3160: result: yes
configure:3163: checking for C compiler default output file name
configure:3165: result: a.out
configure:3171: checking for suffix of executables
configure:3178: gcc -o conftest    conftest.c  >&5
configure:3182: $? = 0
configure:3204: result: 
configure:3226: checking whether we are cross compiling
configure:3234: gcc -o conftest    conftest.c  >&5
configure:3238: $? = 0
configure:3245: ./conftest
configure:3249: $? = 0
configure:3264: result: no
configure:3269: checking for suffix of object files
configure:3291: gcc -c   conftest.c >&5
configure:3295: $? = 0
configure:3316: result: o
configure:3320: checking whether we are using the GNU C compiler
configure:3339: gcc -c   conftest.c >&5
configure:3339: $? = 0
configure:3348: result: yes
configure:3357: checking whether gcc accepts -g
configure:3377: gcc -c -g  conftest.c >&5
configure:3377: $? = 0
configure:3418: result: yes
configure:3435: checking for gcc option to accept ISO C89
configure:3499: gcc  -c -g -O2  conftest.c >&5
configure:3499: $? = 0
configure:3512: result: none needed
configure:3543: checking for style of include used by make
configure:3571: result: GNU
configure:3596: checking dependency style of gcc
configure:3706: result: gcc3
configure:3722: checking whether make sets $(MAKE)
configure:3744: result: yes
configure:3773: checking for cupsDoRequest in -lcups
configure:3798: gcc -o conftest -g -O2   conftest.c -lcups   >&5
configure:3798: $? = 0
configure:3807: result: yes
configure:3851: checking for rpmbuild
configure:3884: result: no
configure:3903: checking for library containing strerror
configure:3934: gcc -o conftest -g -O2   conftest.c -lcups  >&5
configure:3934: $? = 0
configure:3951: result: none required
configure:3962: checking for library containing gethostbyname
configure:3993: gcc -o conftest -g -O2   conftest.c -lcups  >&5
configure:3993: $? = 0
configure:4010: result: none required
configure:4018: checking for library containing socket
configure:4049: gcc -o conftest -g -O2   conftest.c -lcups  >&5
configure:4049: $? = 0
configure:4066: result: none required
configure:4081: checking how to run the C preprocessor
configure:4112: gcc -E  conftest.c
configure:4112: $? = 0
configure:4126: gcc -E  conftest.c
conftest.c:12:28: fatal error: ac_nonexistent.h: No such file or directory
compilation terminated.
configure:4126: $? = 1
configure: failed program was:
| /* confdefs.h */
| #define PACKAGE_NAME "cups-bjnp"
| #define PACKAGE_TARNAME "cups-bjnp"
| #define PACKAGE_VERSION "0.5.5"
| #define PACKAGE_STRING "cups-bjnp 0.5.5"
| #define PACKAGE_BUGREPORT "louis.lagendijk@gmail.com"
| #define PACKAGE_URL ""
| #define PACKAGE "cups-bjnp"
| #define VERSION "0.5.5"
| #define HAVE_LIBCUPS 1
| /* end confdefs.h.  */
| #include <ac_nonexistent.h>
configure:4151: result: gcc -E
configure:4171: gcc -E  conftest.c
configure:4171: $? = 0
configure:4185: gcc -E  conftest.c
conftest.c:12:28: fatal error: ac_nonexistent.h: No such file or directory
compilation terminated.
configure:4185: $? = 1
configure: failed program was:
| /* confdefs.h */
| #define PACKAGE_NAME "cups-bjnp"
| #define PACKAGE_TARNAME "cups-bjnp"
| #define PACKAGE_VERSION "0.5.5"
| #define PACKAGE_STRING "cups-bjnp 0.5.5"
| #define PACKAGE_BUGREPORT "louis.lagendijk@gmail.com"
| #define PACKAGE_URL ""
| #define PACKAGE "cups-bjnp"
| #define VERSION "0.5.5"
| #define HAVE_LIBCUPS 1
| /* end confdefs.h.  */
| #include <ac_nonexistent.h>
configure:4214: checking for grep that handles long lines and -e
configure:4272: result: /bin/grep
configure:4277: checking for egrep
configure:4339: result: /bin/grep -E
configure:4344: checking for ANSI C header files
configure:4364: gcc -c -g -O2  conftest.c >&5
configure:4364: $? = 0
configure:4437: gcc -o conftest -g -O2   conftest.c -lcups  >&5
configure:4437: $? = 0
configure:4437: ./conftest
configure:4437: $? = 0
configure:4448: result: yes
configure:4461: checking for sys/types.h
configure:4461: gcc -c -g -O2  conftest.c >&5
configure:4461: $? = 0
configure:4461: result: yes
configure:4461: checking for sys/stat.h
configure:4461: gcc -c -g -O2  conftest.c >&5
configure:4461: $? = 0
configure:4461: result: yes
configure:4461: checking for stdlib.h
configure:4461: gcc -c -g -O2  conftest.c >&5
configure:4461: $? = 0
configure:4461: result: yes
configure:4461: checking for string.h
configure:4461: gcc -c -g -O2  conftest.c >&5
configure:4461: $? = 0
configure:4461: result: yes
configure:4461: checking for memory.h
configure:4461: gcc -c -g -O2  conftest.c >&5
configure:4461: $? = 0
configure:4461: result: yes
configure:4461: checking for strings.h
configure:4461: gcc -c -g -O2  conftest.c >&5
configure:4461: $? = 0
configure:4461: result: yes
configure:4461: checking for inttypes.h
configure:4461: gcc -c -g -O2  conftest.c >&5
configure:4461: $? = 0
configure:4461: result: yes
configure:4461: checking for stdint.h
configure:4461: gcc -c -g -O2  conftest.c >&5
configure:4461: $? = 0
configure:4461: result: yes
configure:4461: checking for unistd.h
configure:4461: gcc -c -g -O2  conftest.c >&5
configure:4461: $? = 0
configure:4461: result: yes
configure:4476: checking sys/select.h usability
configure:4476: gcc -c -g -O2  conftest.c >&5
configure:4476: $? = 0
configure:4476: result: yes
configure:4476: checking sys/select.h presence
configure:4476: gcc -E  conftest.c
configure:4476: $? = 0
configure:4476: result: yes
configure:4476: checking for sys/select.h
configure:4476: result: yes
configure:4476: checking sys/socket.h usability
configure:4476: gcc -c -g -O2  conftest.c >&5
configure:4476: $? = 0
configure:4476: result: yes
configure:4476: checking sys/socket.h presence
configure:4476: gcc -E  conftest.c
configure:4476: $? = 0
configure:4476: result: yes
configure:4476: checking for sys/socket.h
configure:4476: result: yes
configure:4486: checking types of arguments for select
configure:4514: gcc -c -g -O2  conftest.c >&5
configure:4514: $? = 0
configure:4525: result: int,fd_set *,struct timeval *
configure:4554: checking for string.h
configure:4554: result: yes
configure:4554: checking fcntl.h usability
configure:4554: gcc -c -g -O2  conftest.c >&5
configure:4554: $? = 0
configure:4554: result: yes
configure:4554: checking fcntl.h presence
configure:4554: gcc -E  conftest.c
configure:4554: $? = 0
configure:4554: result: yes
configure:4554: checking for fcntl.h
configure:4554: result: yes
configure:4554: checking arpa/inet.h usability
configure:4554: gcc -c -g -O2  conftest.c >&5
configure:4554: $? = 0
configure:4554: result: yes
configure:4554: checking arpa/inet.h presence
configure:4554: gcc -E  conftest.c
configure:4554: $? = 0
configure:4554: result: yes
configure:4554: checking for arpa/inet.h
configure:4554: result: yes
configure:4554: checking netdb.h usability
configure:4554: gcc -c -g -O2  conftest.c >&5
configure:4554: $? = 0
configure:4554: result: yes
configure:4554: checking netdb.h presence
configure:4554: gcc -E  conftest.c
configure:4554: $? = 0
configure:4554: result: yes
configure:4554: checking for netdb.h
configure:4554: result: yes
configure:4554: checking netinet/in.h usability
configure:4554: gcc -c -g -O2  conftest.c >&5
configure:4554: $? = 0
configure:4554: result: yes
configure:4554: checking netinet/in.h presence
configure:4554: gcc -E  conftest.c
configure:4554: $? = 0
configure:4554: result: yes
configure:4554: checking for netinet/in.h
configure:4554: result: yes
configure:4554: checking for sys/socket.h
configure:4554: result: yes
configure:4554: checking sys/time.h usability
configure:4554: gcc -c -g -O2  conftest.c >&5
configure:4554: $? = 0
configure:4554: result: yes
configure:4554: checking sys/time.h presence
configure:4554: gcc -E  conftest.c
configure:4554: $? = 0
configure:4554: result: yes
configure:4554: checking for sys/time.h
configure:4554: result: yes
configure:4554: checking sys/timeb.h usability
configure:4554: gcc -c -g -O2  conftest.c >&5
configure:4554: $? = 0
configure:4554: result: yes
configure:4554: checking sys/timeb.h presence
configure:4554: gcc -E  conftest.c
configure:4554: $? = 0
configure:4554: result: yes
configure:4554: checking for sys/timeb.h
configure:4554: result: yes
configure:4554: checking wchar.h usability
configure:4554: gcc -c -g -O2  conftest.c >&5
configure:4554: $? = 0
configure:4554: result: yes
configure:4554: checking wchar.h presence
configure:4554: gcc -E  conftest.c
configure:4554: $? = 0
configure:4554: result: yes
configure:4554: checking for wchar.h
configure:4554: result: yes
configure:4554: checking cups/cups.h usability
configure:4554: gcc -c -g -O2  conftest.c >&5
configure:4554: $? = 0
configure:4554: result: yes
configure:4554: checking cups/cups.h presence
configure:4554: gcc -E  conftest.c
configure:4554: $? = 0
configure:4554: result: yes
configure:4554: checking for cups/cups.h
configure:4554: result: yes
configure:4554: checking cups/backend.h usability
configure:4554: gcc -c -g -O2  conftest.c >&5
configure:4554: $? = 0
configure:4554: result: yes
configure:4554: checking cups/backend.h presence
configure:4554: gcc -E  conftest.c
configure:4554: $? = 0
configure:4554: result: yes
configure:4554: checking for cups/backend.h
configure:4554: result: yes
configure:4554: checking cups/http.h usability
configure:4554: gcc -c -g -O2  conftest.c >&5
configure:4554: $? = 0
configure:4554: result: yes
configure:4554: checking cups/http.h presence
configure:4554: gcc -E  conftest.c
configure:4554: $? = 0
configure:4554: result: yes
configure:4554: checking for cups/http.h
configure:4554: result: yes
configure:4570: checking for sys/types.h
configure:4570: result: yes
configure:4570: checking for netinet/in.h
configure:4570: result: yes
configure:4570: checking for arpa/nameser.h
configure:4570: gcc -c -g -O2  conftest.c >&5
configure:4570: $? = 0
configure:4570: result: yes
configure:4570: checking for netdb.h
configure:4570: result: yes
configure:4570: checking for resolv.h
configure:4570: gcc -c -g -O2  conftest.c >&5
configure:4570: $? = 0
configure:4570: result: yes
configure:4594: checking for size_t
configure:4594: gcc -c -g -O2  conftest.c >&5
configure:4594: $? = 0
configure:4594: gcc -c -g -O2  conftest.c >&5
conftest.c: In function 'main':
conftest.c:80:21: error: expected expression before ')' token
configure:4594: $? = 1
configure: failed program was:
| /* confdefs.h */
| #define PACKAGE_NAME "cups-bjnp"
| #define PACKAGE_TARNAME "cups-bjnp"
| #define PACKAGE_VERSION "0.5.5"
| #define PACKAGE_STRING "cups-bjnp 0.5.5"
| #define PACKAGE_BUGREPORT "louis.lagendijk@gmail.com"
| #define PACKAGE_URL ""
| #define PACKAGE "cups-bjnp"
| #define VERSION "0.5.5"
| #define HAVE_LIBCUPS 1
| #define STDC_HEADERS 1
| #define HAVE_SYS_TYPES_H 1
| #define HAVE_SYS_STAT_H 1
| #define HAVE_STDLIB_H 1
| #define HAVE_STRING_H 1
| #define HAVE_MEMORY_H 1
| #define HAVE_STRINGS_H 1
| #define HAVE_INTTYPES_H 1
| #define HAVE_STDINT_H 1
| #define HAVE_UNISTD_H 1
| #define HAVE_SYS_SELECT_H 1
| #define HAVE_SYS_SOCKET_H 1
| #define SELECT_TYPE_ARG1 int
| #define SELECT_TYPE_ARG234 (fd_set *)
| #define SELECT_TYPE_ARG5 (struct timeval *)
| #define HAVE_STRING_H 1
| #define HAVE_FCNTL_H 1
| #define HAVE_ARPA_INET_H 1
| #define HAVE_NETDB_H 1
| #define HAVE_NETINET_IN_H 1
| #define HAVE_SYS_SOCKET_H 1
| #define HAVE_SYS_TIME_H 1
| #define HAVE_SYS_TIMEB_H 1
| #define HAVE_WCHAR_H 1
| #define HAVE_CUPS_CUPS_H 1
| #define HAVE_CUPS_BACKEND_H 1
| #define HAVE_CUPS_HTTP_H 1
| #define HAVE_SYS_TYPES_H 1
| #define HAVE_NETINET_IN_H 1
| #define HAVE_ARPA_NAMESER_H 1
| #define HAVE_NETDB_H 1
| #define HAVE_RESOLV_H 1
| /* end confdefs.h.  */
| #include <stdio.h>
| #ifdef HAVE_SYS_TYPES_H
| # include <sys/types.h>
| #endif
| #ifdef HAVE_SYS_STAT_H
| # include <sys/stat.h>
| #endif
| #ifdef STDC_HEADERS
| # include <stdlib.h>
| # include <stddef.h>
| #else
| # ifdef HAVE_STDLIB_H
| #  include <stdlib.h>
| # endif
| #endif
| #ifdef HAVE_STRING_H
| # if !defined STDC_HEADERS && defined HAVE_MEMORY_H
| #  include <memory.h>
| # endif
| # include <string.h>
| #endif
| #ifdef HAVE_STRINGS_H
| # include <strings.h>
| #endif
| #ifdef HAVE_INTTYPES_H
| # include <inttypes.h>
| #endif
| #ifdef HAVE_STDINT_H
| # include <stdint.h>
| #endif
| #ifdef HAVE_UNISTD_H
| # include <unistd.h>
| #endif
| int
| main ()
| {
| if (sizeof ((size_t)))
| 	    return 0;
|   ;
|   return 0;
| }
configure:4594: result: yes
configure:4605: checking for ssize_t
configure:4605: gcc -c -g -O2  conftest.c >&5
configure:4605: $? = 0
configure:4605: gcc -c -g -O2  conftest.c >&5
conftest.c: In function 'main':
conftest.c:80:22: error: expected expression before ')' token
configure:4605: $? = 1
configure: failed program was:
| /* confdefs.h */
| #define PACKAGE_NAME "cups-bjnp"
| #define PACKAGE_TARNAME "cups-bjnp"
| #define PACKAGE_VERSION "0.5.5"
| #define PACKAGE_STRING "cups-bjnp 0.5.5"
| #define PACKAGE_BUGREPORT "louis.lagendijk@gmail.com"
| #define PACKAGE_URL ""
| #define PACKAGE "cups-bjnp"
| #define VERSION "0.5.5"
| #define HAVE_LIBCUPS 1
| #define STDC_HEADERS 1
| #define HAVE_SYS_TYPES_H 1
| #define HAVE_SYS_STAT_H 1
| #define HAVE_STDLIB_H 1
| #define HAVE_STRING_H 1
| #define HAVE_MEMORY_H 1
| #define HAVE_STRINGS_H 1
| #define HAVE_INTTYPES_H 1
| #define HAVE_STDINT_H 1
| #define HAVE_UNISTD_H 1
| #define HAVE_SYS_SELECT_H 1
| #define HAVE_SYS_SOCKET_H 1
| #define SELECT_TYPE_ARG1 int
| #define SELECT_TYPE_ARG234 (fd_set *)
| #define SELECT_TYPE_ARG5 (struct timeval *)
| #define HAVE_STRING_H 1
| #define HAVE_FCNTL_H 1
| #define HAVE_ARPA_INET_H 1
| #define HAVE_NETDB_H 1
| #define HAVE_NETINET_IN_H 1
| #define HAVE_SYS_SOCKET_H 1
| #define HAVE_SYS_TIME_H 1
| #define HAVE_SYS_TIMEB_H 1
| #define HAVE_WCHAR_H 1
| #define HAVE_CUPS_CUPS_H 1
| #define HAVE_CUPS_BACKEND_H 1
| #define HAVE_CUPS_HTTP_H 1
| #define HAVE_SYS_TYPES_H 1
| #define HAVE_NETINET_IN_H 1
| #define HAVE_ARPA_NAMESER_H 1
| #define HAVE_NETDB_H 1
| #define HAVE_RESOLV_H 1
| /* end confdefs.h.  */
| #include <stdio.h>
| #ifdef HAVE_SYS_TYPES_H
| # include <sys/types.h>
| #endif
| #ifdef HAVE_SYS_STAT_H
| # include <sys/stat.h>
| #endif
| #ifdef STDC_HEADERS
| # include <stdlib.h>
| # include <stddef.h>
| #else
| # ifdef HAVE_STDLIB_H
| #  include <stdlib.h>
| # endif
| #endif
| #ifdef HAVE_STRING_H
| # if !defined STDC_HEADERS && defined HAVE_MEMORY_H
| #  include <memory.h>
| # endif
| # include <string.h>
| #endif
| #ifdef HAVE_STRINGS_H
| # include <strings.h>
| #endif
| #ifdef HAVE_INTTYPES_H
| # include <inttypes.h>
| #endif
| #ifdef HAVE_STDINT_H
| # include <stdint.h>
| #endif
| #ifdef HAVE_UNISTD_H
| # include <unistd.h>
| #endif
| int
| main ()
| {
| if (sizeof ((ssize_t)))
| 	    return 0;
|   ;
|   return 0;
| }
configure:4605: result: yes
configure:4616: checking for uint16_t
configure:4616: gcc -c -g -O2  conftest.c >&5
configure:4616: $? = 0
configure:4616: result: yes
configure:4628: checking for uint32_t
configure:4628: gcc -c -g -O2  conftest.c >&5
configure:4628: $? = 0
configure:4628: result: yes
configure:4642: checking for uint8_t
configure:4642: gcc -c -g -O2  conftest.c >&5
configure:4642: $? = 0
configure:4642: result: yes
configure:4662: checking for ftime
configure:4662: gcc -o conftest -g -O2   conftest.c -lcups  >&5
configure:4662: $? = 0
configure:4662: result: yes
configure:4662: checking for gethostbyaddr
configure:4662: gcc -o conftest -g -O2   conftest.c -lcups  >&5
configure:4662: $? = 0
configure:4662: result: yes
configure:4662: checking for gethostname
configure:4662: gcc -o conftest -g -O2   conftest.c -lcups  >&5
configure:4662: $? = 0
configure:4662: result: yes
configure:4662: checking for inet_ntoa
configure:4662: gcc -o conftest -g -O2   conftest.c -lcups  >&5
configure:4662: $? = 0
configure:4662: result: yes
configure:4662: checking for memset
configure:4662: gcc -o conftest -g -O2   conftest.c -lcups  >&5
conftest.c:71:6: warning: conflicting types for built-in function 'memset' [enabled by default]
configure:4662: $? = 0
configure:4662: result: yes
configure:4662: checking for select
configure:4662: gcc -o conftest -g -O2   conftest.c -lcups  >&5
configure:4662: $? = 0
configure:4662: result: yes
configure:4662: checking for socket
configure:4662: gcc -o conftest -g -O2   conftest.c -lcups  >&5
configure:4662: $? = 0
configure:4662: result: yes
configure:4662: checking for strcasecmp
configure:4662: gcc -o conftest -g -O2   conftest.c -lcups  >&5
conftest.c:74:6: warning: conflicting types for built-in function 'strcasecmp' [enabled by default]
configure:4662: $? = 0
configure:4662: result: yes
configure:4662: checking for strchr
configure:4662: gcc -o conftest -g -O2   conftest.c -lcups  >&5
conftest.c:75:6: warning: conflicting types for built-in function 'strchr' [enabled by default]
configure:4662: $? = 0
configure:4662: result: yes
configure:4662: checking for strerror
configure:4662: gcc -o conftest -g -O2   conftest.c -lcups  >&5
configure:4662: $? = 0
configure:4662: result: yes
configure:4662: checking for strncasecmp
configure:4662: gcc -o conftest -g -O2   conftest.c -lcups  >&5
conftest.c:77:6: warning: conflicting types for built-in function 'strncasecmp' [enabled by default]
configure:4662: $? = 0
configure:4662: result: yes
configure:4675: checking for getifaddrs
configure:4675: gcc -o conftest -g -O2   conftest.c -lcups  >&5
configure:4675: $? = 0
configure:4675: result: yes
configure:4688: checking whether to enable maintainer-specific portions of Makefiles
configure:4697: result: no
configure:4835: creating ./config.status

## ---------------------- ##
## Running config.status. ##
## ---------------------- ##

This file was extended by cups-bjnp config.status 0.5.5, which was
generated by GNU Autoconf 2.66.  Invocation command line was

  CONFIG_FILES    = 
  CONFIG_HEADERS  = 
  CONFIG_LINKS    = 
  CONFIG_COMMANDS = 
  $ ./config.status 

on Joamain

config.status:916: creating Makefile
config.status:916: creating config.h
config.status:1101: config.h is unchanged
config.status:1149: executing depfiles commands

## ---------------- ##
## Cache variables. ##
## ---------------- ##

ac_cv_c_compiler_gnu=yes
ac_cv_c_uint16_t=yes
ac_cv_c_uint32_t=yes
ac_cv_c_uint8_t=yes
ac_cv_env_CC_set=
ac_cv_env_CC_value=
ac_cv_env_CFLAGS_set=
ac_cv_env_CFLAGS_value=
ac_cv_env_CPPFLAGS_set=
ac_cv_env_CPPFLAGS_value=
ac_cv_env_CPP_set=
ac_cv_env_CPP_value=
ac_cv_env_LDFLAGS_set=
ac_cv_env_LDFLAGS_value=
ac_cv_env_LIBS_set=
ac_cv_env_LIBS_value=
ac_cv_env_RPMBUILD_set=
ac_cv_env_RPMBUILD_value=
ac_cv_env_build_alias_set=
ac_cv_env_build_alias_value=
ac_cv_env_host_alias_set=
ac_cv_env_host_alias_value=
ac_cv_env_target_alias_set=
ac_cv_env_target_alias_value=
ac_cv_func_ftime=yes
ac_cv_func_gethostbyaddr=yes
ac_cv_func_gethostname=yes
ac_cv_func_getifaddrs=yes
ac_cv_func_inet_ntoa=yes
ac_cv_func_memset=yes
ac_cv_func_select=yes
ac_cv_func_select_args='int,fd_set *,struct timeval *'
ac_cv_func_socket=yes
ac_cv_func_strcasecmp=yes
ac_cv_func_strchr=yes
ac_cv_func_strerror=yes
ac_cv_func_strncasecmp=yes
ac_cv_header_arpa_inet_h=yes
ac_cv_header_arpa_nameser_h=yes
ac_cv_header_cups_backend_h=yes
ac_cv_header_cups_cups_h=yes
ac_cv_header_cups_http_h=yes
ac_cv_header_fcntl_h=yes
ac_cv_header_inttypes_h=yes
ac_cv_header_memory_h=yes
ac_cv_header_netdb_h=yes
ac_cv_header_netinet_in_h=yes
ac_cv_header_resolv_h=yes
ac_cv_header_stdc=yes
ac_cv_header_stdint_h=yes
ac_cv_header_stdlib_h=yes
ac_cv_header_string_h=yes
ac_cv_header_strings_h=yes
ac_cv_header_sys_select_h=yes
ac_cv_header_sys_socket_h=yes
ac_cv_header_sys_stat_h=yes
ac_cv_header_sys_time_h=yes
ac_cv_header_sys_timeb_h=yes
ac_cv_header_sys_types_h=yes
ac_cv_header_unistd_h=yes
ac_cv_header_wchar_h=yes
ac_cv_lib_cups_cupsDoRequest=yes
ac_cv_objext=o
ac_cv_path_EGREP='/bin/grep -E'
ac_cv_path_GREP=/bin/grep
ac_cv_path_install='/usr/bin/install -c'
ac_cv_path_mkdir=/bin/mkdir
ac_cv_prog_AWK=mawk
ac_cv_prog_CPP='gcc -E'
ac_cv_prog_ac_ct_CC=gcc
ac_cv_prog_cc_c89=
ac_cv_prog_cc_g=yes
ac_cv_prog_make_make_set=yes
ac_cv_search_gethostbyname='none required'
ac_cv_search_socket='none required'
ac_cv_search_strerror='none required'
ac_cv_type_size_t=yes
ac_cv_type_ssize_t=yes
am_cv_CC_dependencies_compiler_type=gcc3

## ----------------- ##
## Output variables. ##
## ----------------- ##

ACLOCAL='${SHELL} /home/joachim/progging/MP620-630-Linux-Printer/bjnp/missing --run aclocal-1.11'
AMDEPBACKSLASH='\'
AMDEP_FALSE='#'
AMDEP_TRUE=''
AMTAR='${SHELL} /home/joachim/progging/MP620-630-Linux-Printer/bjnp/missing --run tar'
AUTOCONF='${SHELL} /home/joachim/progging/MP620-630-Linux-Printer/bjnp/missing --run autoconf'
AUTOHEADER='${SHELL} /home/joachim/progging/MP620-630-Linux-Printer/bjnp/missing --run autoheader'
AUTOMAKE='${SHELL} /home/joachim/progging/MP620-630-Linux-Printer/bjnp/missing --run automake-1.11'
AWK='mawk'
CC='gcc'
CCDEPMODE='depmode=gcc3'
CFLAGS='-g -O2'
CPP='gcc -E'
CPPFLAGS=''
CYGPATH_W='echo'
DEFS='-DHAVE_CONFIG_H'
DEPDIR='.deps'
ECHO_C=''
ECHO_N='-n'
ECHO_T=''
EGREP='/bin/grep -E'
EXEEXT=''
GREP='/bin/grep'
INSTALL_DATA='${INSTALL} -m 644'
INSTALL_PROGRAM='${INSTALL}'
INSTALL_SCRIPT='${INSTALL}'
INSTALL_STRIP_PROGRAM='$(install_sh) -c -s'
LDFLAGS=''
LIBOBJS=''
LIBS='-lcups '
LTLIBOBJS=''
MAINT='#'
MAINTAINER_MODE_FALSE=''
MAINTAINER_MODE_TRUE='#'
MAKEINFO='${SHELL} /home/joachim/progging/MP620-630-Linux-Printer/bjnp/missing --run makeinfo'
MKDIR_P='/bin/mkdir -p'
OBJEXT='o'
PACKAGE='cups-bjnp'
PACKAGE_BUGREPORT='louis.lagendijk@gmail.com'
PACKAGE_NAME='cups-bjnp'
PACKAGE_STRING='cups-bjnp 0.5.5'
PACKAGE_TARNAME='cups-bjnp'
PACKAGE_URL=''
PACKAGE_VERSION='0.5.5'
PATH_SEPARATOR=':'
RPMBUILD=''
SET_MAKE=''
SHELL='/bin/bash'
STRIP=''
VERSION='0.5.5'
ac_ct_CC='gcc'
am__EXEEXT_FALSE=''
am__EXEEXT_TRUE='#'
am__fastdepCC_FALSE='#'
am__fastdepCC_TRUE=''
am__include='include'
am__isrc=''
am__leading_dot='.'
am__quote=''
am__tar='${AMTAR} chof - "$$tardir"'
am__untar='${AMTAR} xf -'
bindir='${exec_prefix}/bin'
build_alias=''
cupsbackenddir='/usr/lib/cups/backend'
datadir='${datarootdir}'
datarootdir='${prefix}/share'
docdir='${datarootdir}/doc/${PACKAGE_TARNAME}'
dvidir='${docdir}'
exec_prefix='${prefix}'
host_alias=''
htmldir='${docdir}'
includedir='${prefix}/include'
infodir='${datarootdir}/info'
install_sh='${SHELL} /home/joachim/progging/MP620-630-Linux-Printer/bjnp/install-sh'
libdir='${exec_prefix}/lib'
libexecdir='${exec_prefix}/libexec'
localedir='${datarootdir}/locale'
localstatedir='${prefix}/var'
mandir='${datarootdir}/man'
mkdir_p='/bin/mkdir -p'
oldincludedir='/usr/include'
pdfdir='${docdir}'
prefix='/usr/local'
program_transform_name='s,x,x,'
psdir='${docdir}'
sbindir='${exec_prefix}/sbin'
sharedstatedir='${prefix}/com'
sysconfdir='${prefix}/etc'
target_alias=''

## ------------------- ##
## File substitutions. ##
## ------------------- ##

rpmtarget='./conf/norpm'

## ----------- ##
## confdefs.h. ##
## ----------- ##

/* confdefs.h */
#define PACKAGE_NAME "cups-bjnp"
#define PACKAGE_TARNAME "cups-bjnp"
#define PACKAGE_VERSION "0.5.5"
#define PACKAGE_STRING "cups-bjnp 0.5.5"
#define PACKAGE_BUGREPORT "louis.lagendijk@gmail.com"
#define PACKAGE_URL ""
#define PACKAGE "cups-bjnp"
#define VERSION "0.5.5"
#define HAVE_LIBCUPS 1
#define STDC_HEADERS 1
#define HAVE_SYS_TYPES_H 1
#define HAVE_SYS_STAT_H 1
#define HAVE_STDLIB_H 1
#define HAVE_STRING_H 1
#define HAVE_MEMORY_H 1
#define HAVE_STRINGS_H 1
#define HAVE_INTTYPES_H 1
#define HAVE_STDINT_H 1
#define HAVE_UNISTD_H 1
#define HAVE_SYS_SELECT_H 1
#define HAVE_SYS_SOCKET_H 1
#define SELECT_TYPE_ARG1 int
#define SELECT_TYPE_ARG234 (fd_set *)
#define SELECT_TYPE_ARG5 (struct timeval *)
#define HAVE_STRING_H 1
#define HAVE_FCNTL_H 1
#define HAVE_ARPA_INET_H 1
#define HAVE_NETDB_H 1
#define HAVE_NETINET_IN_H 1
#define HAVE_SYS_SOCKET_H 1
#define HAVE_SYS_TIME_H 1
#define HAVE_SYS_TIMEB_H 1
#define HAVE_WCHAR_H 1
#define HAVE_CUPS_CUPS_H 1
#define HAVE_CUPS_BACKEND_H 1
#define HAVE_CUPS_HTTP_H 1
#define HAVE_SYS_TYPES_H 1
#define HAVE_NETINET_IN_H 1
#define HAVE_ARPA_NAMESER_H 1
#define HAVE_NETDB_H 1
#define HAVE_RESOLV_H 1
#define HAVE_FTIME 1
#define HAVE_GETHOSTBYADDR 1
#define HAVE_GETHOSTNAME 1
#define HAVE_INET_NTOA 1
#define HAVE_MEMSET 1
#define HAVE_SELECT 1
#define HAVE_SOCKET 1
#define HAVE_STRCASECMP 1
#define HAVE_STRCHR 1
#define HAVE_STRERROR 1
#define HAVE_STRNCASECMP 1
#define HAVE_GETIFADDRS 1

configure: exit 0
